Arguments: 
  /opt/homebrew/Cellar/node/17.0.1/bin/node /opt/homebrew/Cellar/yarn/1.22.17/libexec/bin/yarn.js serve

PATH: 
  /usr/local/opt/ruby/bin:/opt/homebrew/bin:/Users/martin/gems/bin:/usr/local/bin:/usr/bin:/bin:/usr/sbin:/sbin:/usr/local/sbin

Yarn version: 
  1.22.17

Node version: 
  17.0.1

Platform: 
  darwin arm64

Trace: 
  SyntaxError: /Users/martin/Documents/GitHub/B2NH-Sim/package.json: Unexpected token } in JSON at position 229
      at JSON.parse (<anonymous>)
      at /opt/homebrew/Cellar/yarn/1.22.17/libexec/lib/cli.js:1625:59
      at Generator.next (<anonymous>)
      at step (/opt/homebrew/Cellar/yarn/1.22.17/libexec/lib/cli.js:310:30)
      at /opt/homebrew/Cellar/yarn/1.22.17/libexec/lib/cli.js:321:13

npm manifest: 
  {
    "name": "B2NH",
    "version": "1.0.0",
    "main": "index.html",
    "repository": "https://github.com/SimLej18/B2NH.git",
    "author": "Student of UNamur",
    "license": "MIT",
    "scripts": {
      "serve": "http-server -p 8080"
   },
  }

yarn manifest: 
  No manifest

Lockfile: 
  No lockfile
